New log file opened at Wed Nov 18 11:47:42 GMT 2015 by 6560@PC-CZC45100HC
Taking next connection to: 53448
New client attempting to connect on port: 53449-53448
  Address = /10.50.15.18:53448
This client on port 53449 has uuid 748c7043-3fa8-4e80-8837-93ab4f365336 configName activator humanReadableName Activator protocolVersion 3 featureTags Vector()
Connected Clients: activator-748c7043-3fa8-4e80-8837-93ab4f365336
Taking next connection to: 53448
Checking to see if clients are empty...
We have 1 non-daemon clients, continuing serving connections.
Taking next connection to: 53448
Checking to see if clients are empty...
We have 1 non-daemon clients, continuing serving connections.
Taking next connection to: 53448
New client attempting to connect on port: 53494-53448
  Address = /10.50.15.18:53448
Handshake exception on socket: 53494
sbt.impl.ipc.HandshakeException: Unable to perform handshake
	at sbt.impl.ipc.Peer.handshake(IPC.scala:46)
	at sbt.impl.ipc.MultiClientServer.<init>(IPC.scala:150)
	at sbt.server.SbtServerSocketHandler$$anon$1.run(SbtServerSocketHandler.scala:43)
Caused by: java.net.SocketException: Software caused connection abort: recv failed
	at java.net.SocketInputStream.socketRead0(Native Method)
	at java.net.SocketInputStream.socketRead(SocketInputStream.java:116)
	at java.net.SocketInputStream.read(SocketInputStream.java:170)
	at java.net.SocketInputStream.read(SocketInputStream.java:141)
	at java.io.BufferedInputStream.fill(BufferedInputStream.java:246)
	at java.io.BufferedInputStream.read(BufferedInputStream.java:265)
	at java.io.DataInputStream.readInt(DataInputStream.java:387)
	at sbt.impl.ipc.Peer.receive(IPC.scala:95)
	at sbt.impl.ipc.Peer.handshake(IPC.scala:49)
	... 2 more
Taking next connection to: 53448
New client attempting to connect on port: 53495-53448
  Address = /10.50.15.18:53448
This client on port 53495 has uuid 2eee0802-a51a-40a1-9f91-3b01f431f0bd configName play-fork-run humanReadableName Play Fork Run protocolVersion 1 featureTags Vector()
Connected Clients: activator-748c7043-3fa8-4e80-8837-93ab4f365336, play-fork-run-2eee0802-a51a-40a1-9f91-3b01f431f0bd
Taking next connection to: 53448
Checking to see if clients are empty...
We have 1 non-daemon clients, continuing serving connections.
Taking next connection to: 53448
Checking to see if clients are empty...
We have 1 non-daemon clients, continuing serving connections.
Taking next connection to: 53448
Checking to see if clients are empty...
We have 1 non-daemon clients, continuing serving connections.
Taking next connection to: 53448
Checking to see if clients are empty...
We have 1 non-daemon clients, continuing serving connections.
Taking next connection to: 53448
Checking to see if clients are empty...
We have 1 non-daemon clients, continuing serving connections.
Taking next connection to: 53448
Checking to see if clients are empty...
We have 1 non-daemon clients, continuing serving connections.
Taking next connection to: 53448
