New log file opened at Wed Nov 18 11:54:07 GMT 2015 by 6560@PC-CZC45100HC
Sending msg to client play-fork-run-2eee0802-a51a-40a1-9f91-3b01f431f0bd: DetachedLogEvent(LogMessage(debug,sbt server socket logs are in: C:\Users\cboucher\workspace\CCSApp\.sbtserver\connections\master.log))
Sending msg to client play-fork-run-2eee0802-a51a-40a1-9f91-3b01f431f0bd: DetachedLogEvent(LogMessage(debug,sbt general server logs are in: C:\Users\cboucher\workspace\CCSApp\.sbtserver\master.log))
Sending msg to client play-fork-run-2eee0802-a51a-40a1-9f91-3b01f431f0bd: DetachedLogEvent(LogMessage(debug,sbt client logs are in: C:\Users\cboucher\workspace\CCSApp\.sbtserver\connections\play-fork-run-2eee0802-a51a-40a1-9f91-3b01f431f0bd.log))
Reading next message from client.
Got request: DaemonRequest(true)
Reading next message from client.
Sending msg to client play-fork-run-2eee0802-a51a-40a1-9f91-3b01f431f0bd: (3,ReceivedResponse())
Got request: ListenToEvents()
Reading next message from client.
Sending msg to client play-fork-run-2eee0802-a51a-40a1-9f91-3b01f431f0bd: BackgroundJobStarted(5,BackgroundJobInfo(1,backgroundRun,AttributeKey[sbt.BackgroundJobHandle]("backgroundRun") in Scope(Build: file:/C:/Users/cboucher/workspace/CCSApp/, , Project: ProjectReference(file:/C:/Users/cboucher/workspace/CCSApp/,root), Config: compile)))
Sending msg to client play-fork-run-2eee0802-a51a-40a1-9f91-3b01f431f0bd: (4,ReceivedResponse())
Got request: KeyLookupRequest(root/playForkConfig)
Reading next message from client.
Sending msg to client play-fork-run-2eee0802-a51a-40a1-9f91-3b01f431f0bd: (5,KeyLookupResponse(root/playForkConfig,Vector(AttributeKey[play.forkrun.protocol.ForkConfig]("playForkConfig") in Scope(Build: file:/C:/Users/cboucher/workspace/CCSApp/, , Project: ProjectReference(file:/C:/Users/cboucher/workspace/CCSApp/,root)))))
Got request: ListenToValue(AttributeKey[play.forkrun.protocol.ForkConfig]("playForkConfig") in Scope(Build: file:/C:/Users/cboucher/workspace/CCSApp/, , Project: ProjectReference(file:/C:/Users/cboucher/workspace/CCSApp/,root)))
Reading next message from client.
Sending msg to client play-fork-run-2eee0802-a51a-40a1-9f91-3b01f431f0bd: (6,ReceivedResponse())
Got request: KeyExecutionRequest(AttributeKey[play.forkrun.protocol.ForkConfig]("playForkConfig") in Scope(Build: file:/C:/Users/cboucher/workspace/CCSApp/, , Project: ProjectReference(file:/C:/Users/cboucher/workspace/CCSApp/,root)))
Reading next message from client.
Sending msg to client play-fork-run-2eee0802-a51a-40a1-9f91-3b01f431f0bd: (7,ExecutionRequestReceived(6))
Sending msg to client play-fork-run-2eee0802-a51a-40a1-9f91-3b01f431f0bd: ExecutionWaiting(6,{file:/C:/Users/cboucher/workspace/CCSApp/}root/*:playForkConfig,ClientInfo(2eee0802-a51a-40a1-9f91-3b01f431f0bd,play-fork-run,Play Fork Run,1,Vector()))
Sending msg to client play-fork-run-2eee0802-a51a-40a1-9f91-3b01f431f0bd: ExecutionStarting(6)
Sending msg to client play-fork-run-2eee0802-a51a-40a1-9f91-3b01f431f0bd: DetachedLogEvent(LogMessage(debug,> {file:/C:/Users/cboucher/workspace/CCSApp/}root/*:playForkConfig))
Sending msg to client play-fork-run-2eee0802-a51a-40a1-9f91-3b01f431f0bd: DetachedLogEvent(LogMessage(debug,Evaluating tasks: *:playForkConfig))
Sending msg to client play-fork-run-2eee0802-a51a-40a1-9f91-3b01f431f0bd: DetachedLogEvent(LogMessage(debug,Running task... Cancel: sbt.server.ServerTaskCancellation@5e5283b5, check cycles: false))
Sending msg to client play-fork-run-2eee0802-a51a-40a1-9f91-3b01f431f0bd: DetachedLogEvent(LogMessage(debug,cancel strategy start enabled=true lastCommand=Some(LastCommand(CommandExecutionWork(ExecutionId(6),{file:/C:/Users/cboucher/workspace/CCSApp/}root/*:playForkConfig,Set(LiveClient(play-fork-run 2eee0802-a51a-40a1-9f91-3b01f431f0bd)),sbt.server.WorkCancellationStatus$$anon$1@100f60a0)))))
Sending msg to client play-fork-run-2eee0802-a51a-40a1-9f91-3b01f431f0bd: TaskStarted(6,303,Some(AttributeKey[scala.Option[java.lang.String]]("mainClass") in Scope(Build: file:/C:/Users/cboucher/workspace/CCSApp/, , Project: ProjectReference(file:/C:/Users/cboucher/workspace/CCSApp/,root), Config: compile, Task: AttributeKey[void]("run"))))
Sending msg to client play-fork-run-2eee0802-a51a-40a1-9f91-3b01f431f0bd: TaskStarted(6,307,None)
Sending msg to client play-fork-run-2eee0802-a51a-40a1-9f91-3b01f431f0bd: TaskStarted(6,312,Some(AttributeKey[java.lang.String]("updateCacheName") in Scope(Build: file:/C:/Users/cboucher/workspace/CCSApp/, , Project: ProjectReference(file:/C:/Users/cboucher/workspace/CCSApp/,root))))
Sending msg to client play-fork-run-2eee0802-a51a-40a1-9f91-3b01f431f0bd: TaskStarted(6,313,None)
Sending msg to client play-fork-run-2eee0802-a51a-40a1-9f91-3b01f431f0bd: TaskStarted(6,315,None)
Sending msg to client play-fork-run-2eee0802-a51a-40a1-9f91-3b01f431f0bd: TaskStarted(6,316,None)
Sending msg to client play-fork-run-2eee0802-a51a-40a1-9f91-3b01f431f0bd: TaskStarted(6,322,Some(AttributeKey[scala.collection.Seq[sbt.Resolver]]("externalResolvers") in Scope(Build: file:/C:/Users/cboucher/workspace/CCSApp/, , Project: ProjectReference(file:/C:/Users/cboucher/workspace/CCSApp/,root))))
Sending msg to client play-fork-run-2eee0802-a51a-40a1-9f91-3b01f431f0bd: TaskStarted(6,323,Some(AttributeKey[scala.Option[scala.collection.Seq[sbt.Resolver]]]("bootResolvers") in Scope(Build: file:/C:/Users/cboucher/workspace/CCSApp/, , Project: ProjectReference(file:/C:/Users/cboucher/workspace/CCSApp/,root))))
Sending msg to client play-fork-run-2eee0802-a51a-40a1-9f91-3b01f431f0bd: TaskStarted(6,330,Some(AttributeKey[scala.collection.Seq[sbt.Credentials]]("credentials") in Scope(Global)))
Sending msg to client play-fork-run-2eee0802-a51a-40a1-9f91-3b01f431f0bd: TaskStarted(6,334,None)
Sending msg to client play-fork-run-2eee0802-a51a-40a1-9f91-3b01f431f0bd: TaskStarted(6,336,Some(AttributeKey[boolean]("skip") in Scope(Global)))
Sending msg to client play-fork-run-2eee0802-a51a-40a1-9f91-3b01f431f0bd: TaskStarted(6,338,None)
Sending msg to client play-fork-run-2eee0802-a51a-40a1-9f91-3b01f431f0bd: TaskStarted(6,340,Some(AttributeKey[scala.collection.Seq[java.lang.String]]("javaOptions") in Scope(Global)))
Sending msg to client play-fork-run-2eee0802-a51a-40a1-9f91-3b01f431f0bd: TaskStarted(6,342,None)
Sending msg to client play-fork-run-2eee0802-a51a-40a1-9f91-3b01f431f0bd: TaskStarted(6,352,None)
Sending msg to client play-fork-run-2eee0802-a51a-40a1-9f91-3b01f431f0bd: TaskStarted(6,357,Some(AttributeKey[scala.Tuple2[java.lang.String,java.io.File]]("playPrefixAndAssets") in Scope(Build: file:/C:/Users/cboucher/workspace/CCSApp/, , Project: ProjectReference(file:/C:/Users/cboucher/workspace/CCSApp/,root))))
Sending msg to client play-fork-run-2eee0802-a51a-40a1-9f91-3b01f431f0bd: TaskFinished(6,307,None,true,None)
Sending msg to client play-fork-run-2eee0802-a51a-40a1-9f91-3b01f431f0bd: TaskStarted(6,306,None)
Sending msg to client play-fork-run-2eee0802-a51a-40a1-9f91-3b01f431f0bd: TaskStarted(6,311,None)
Sending msg to client play-fork-run-2eee0802-a51a-40a1-9f91-3b01f431f0bd: TaskStarted(6,319,None)
Sending msg to client play-fork-run-2eee0802-a51a-40a1-9f91-3b01f431f0bd: TaskStarted(6,326,None)
Sending msg to client play-fork-run-2eee0802-a51a-40a1-9f91-3b01f431f0bd: TaskStarted(6,329,None)
Sending msg to client play-fork-run-2eee0802-a51a-40a1-9f91-3b01f431f0bd: TaskStarted(6,344,None)
Sending msg to client play-fork-run-2eee0802-a51a-40a1-9f91-3b01f431f0bd: TaskStarted(6,347,None)
Sending msg to client play-fork-run-2eee0802-a51a-40a1-9f91-3b01f431f0bd: TaskStarted(6,355,None)
Sending msg to client play-fork-run-2eee0802-a51a-40a1-9f91-3b01f431f0bd: TaskFinished(6,313,None,true,None)
Sending msg to client play-fork-run-2eee0802-a51a-40a1-9f91-3b01f431f0bd: TaskStarted(6,328,Some(AttributeKey[sbt.BuildStructure]("buildStructure") in Scope(Global)))
Sending msg to client play-fork-run-2eee0802-a51a-40a1-9f91-3b01f431f0bd: TaskStarted(6,335,Some(AttributeKey[java.io.File]("dependencyCacheDirectory") in Scope(Build: file:/C:/Users/cboucher/workspace/CCSApp/, , Project: ProjectReference(file:/C:/Users/cboucher/workspace/CCSApp/,root))))
Sending msg to client play-fork-run-2eee0802-a51a-40a1-9f91-3b01f431f0bd: TaskFinished(6,316,None,true,None)
Sending msg to client play-fork-run-2eee0802-a51a-40a1-9f91-3b01f431f0bd: TaskFinished(6,303,Some(AttributeKey[scala.Option[java.lang.String]]("mainClass") in Scope(Build: file:/C:/Users/cboucher/workspace/CCSApp/, , Project: ProjectReference(file:/C:/Users/cboucher/workspace/CCSApp/,root), Config: compile, Task: AttributeKey[void]("run"))),true,None)
Sending msg to client play-fork-run-2eee0802-a51a-40a1-9f91-3b01f431f0bd: TaskFinished(6,312,Some(AttributeKey[java.lang.String]("updateCacheName") in Scope(Build: file:/C:/Users/cboucher/workspace/CCSApp/, , Project: ProjectReference(file:/C:/Users/cboucher/workspace/CCSApp/,root))),true,None)
Sending msg to client play-fork-run-2eee0802-a51a-40a1-9f91-3b01f431f0bd: TaskFinished(6,315,None,true,None)
Sending msg to client play-fork-run-2eee0802-a51a-40a1-9f91-3b01f431f0bd: TaskStarted(6,314,Some(AttributeKey[scala.collection.Seq[sbt.UpdateReport]]("transitiveUpdate") in Scope(Build: file:/C:/Users/cboucher/workspace/CCSApp/, , Project: ProjectReference(file:/C:/Users/cboucher/workspace/CCSApp/,root))))
Sending msg to client play-fork-run-2eee0802-a51a-40a1-9f91-3b01f431f0bd: TaskFinished(6,323,Some(AttributeKey[scala.Option[scala.collection.Seq[sbt.Resolver]]]("bootResolvers") in Scope(Build: file:/C:/Users/cboucher/workspace/CCSApp/, , Project: ProjectReference(file:/C:/Users/cboucher/workspace/CCSApp/,root))),true,None)
Sending msg to client play-fork-run-2eee0802-a51a-40a1-9f91-3b01f431f0bd: TaskFinished(6,334,None,true,None)
Sending msg to client play-fork-run-2eee0802-a51a-40a1-9f91-3b01f431f0bd: TaskFinished(6,338,None,true,None)
Sending msg to client play-fork-run-2eee0802-a51a-40a1-9f91-3b01f431f0bd: TaskFinished(6,322,Some(AttributeKey[scala.collection.Seq[sbt.Resolver]]("externalResolvers") in Scope(Build: file:/C:/Users/cboucher/workspace/CCSApp/, , Project: ProjectReference(file:/C:/Users/cboucher/workspace/CCSApp/,root))),true,None)
Sending msg to client play-fork-run-2eee0802-a51a-40a1-9f91-3b01f431f0bd: TaskFinished(6,330,Some(AttributeKey[scala.collection.Seq[sbt.Credentials]]("credentials") in Scope(Global)),true,None)
Sending msg to client play-fork-run-2eee0802-a51a-40a1-9f91-3b01f431f0bd: TaskFinished(6,352,None,true,None)
Sending msg to client play-fork-run-2eee0802-a51a-40a1-9f91-3b01f431f0bd: TaskFinished(6,357,Some(AttributeKey[scala.Tuple2[java.lang.String,java.io.File]]("playPrefixAndAssets") in Scope(Build: file:/C:/Users/cboucher/workspace/CCSApp/, , Project: ProjectReference(file:/C:/Users/cboucher/workspace/CCSApp/,root))),true,None)
Sending msg to client play-fork-run-2eee0802-a51a-40a1-9f91-3b01f431f0bd: TaskStarted(6,356,Some(AttributeKey[scala.collection.Seq[scala.Tuple2[java.lang.String,java.io.File]]]("playAllAssets") in Scope(Build: file:/C:/Users/cboucher/workspace/CCSApp/, , Project: ProjectReference(file:/C:/Users/cboucher/workspace/CCSApp/,root))))
Sending msg to client play-fork-run-2eee0802-a51a-40a1-9f91-3b01f431f0bd: TaskFinished(6,306,None,true,None)
Sending msg to client play-fork-run-2eee0802-a51a-40a1-9f91-3b01f431f0bd: TaskFinished(6,311,None,true,None)
Sending msg to client play-fork-run-2eee0802-a51a-40a1-9f91-3b01f431f0bd: TaskStarted(6,310,Some(AttributeKey[scala.collection.immutable.Map[sbt.ModuleID,sbt.SourcePosition]]("dependencyPositions") in Scope(Build: file:/C:/Users/cboucher/workspace/CCSApp/, , Project: ProjectReference(file:/C:/Users/cboucher/workspace/CCSApp/,root))))
Sending msg to client play-fork-run-2eee0802-a51a-40a1-9f91-3b01f431f0bd: TaskFinished(6,319,None,true,None)
Sending msg to client play-fork-run-2eee0802-a51a-40a1-9f91-3b01f431f0bd: TaskFinished(6,326,None,true,None)
Sending msg to client play-fork-run-2eee0802-a51a-40a1-9f91-3b01f431f0bd: TaskFinished(6,329,None,true,None)
Sending msg to client play-fork-run-2eee0802-a51a-40a1-9f91-3b01f431f0bd: TaskFinished(6,344,None,true,None)
Sending msg to client play-fork-run-2eee0802-a51a-40a1-9f91-3b01f431f0bd: TaskFinished(6,347,None,true,None)
Sending msg to client play-fork-run-2eee0802-a51a-40a1-9f91-3b01f431f0bd: TaskFinished(6,355,None,true,None)
Sending msg to client play-fork-run-2eee0802-a51a-40a1-9f91-3b01f431f0bd: TaskFinished(6,328,Some(AttributeKey[sbt.BuildStructure]("buildStructure") in Scope(Global)),true,None)
Sending msg to client play-fork-run-2eee0802-a51a-40a1-9f91-3b01f431f0bd: TaskStarted(6,327,Some(AttributeKey[sbt.Settings[sbt.Scope]]("settingsData") in Scope(Global)))
Sending msg to client play-fork-run-2eee0802-a51a-40a1-9f91-3b01f431f0bd: TaskFinished(6,335,Some(AttributeKey[java.io.File]("dependencyCacheDirectory") in Scope(Build: file:/C:/Users/cboucher/workspace/CCSApp/, , Project: ProjectReference(file:/C:/Users/cboucher/workspace/CCSApp/,root))),true,None)
Sending msg to client play-fork-run-2eee0802-a51a-40a1-9f91-3b01f431f0bd: TaskFinished(6,314,Some(AttributeKey[scala.collection.Seq[sbt.UpdateReport]]("transitiveUpdate") in Scope(Build: file:/C:/Users/cboucher/workspace/CCSApp/, , Project: ProjectReference(file:/C:/Users/cboucher/workspace/CCSApp/,root))),true,None)
Sending msg to client play-fork-run-2eee0802-a51a-40a1-9f91-3b01f431f0bd: TaskFinished(6,340,Some(AttributeKey[scala.collection.Seq[java.lang.String]]("javaOptions") in Scope(Global)),true,None)
Sending msg to client play-fork-run-2eee0802-a51a-40a1-9f91-3b01f431f0bd: TaskFinished(6,356,Some(AttributeKey[scala.collection.Seq[scala.Tuple2[java.lang.String,java.io.File]]]("playAllAssets") in Scope(Build: file:/C:/Users/cboucher/workspace/CCSApp/, , Project: ProjectReference(file:/C:/Users/cboucher/workspace/CCSApp/,root))),true,None)
Sending msg to client play-fork-run-2eee0802-a51a-40a1-9f91-3b01f431f0bd: TaskFinished(6,327,Some(AttributeKey[sbt.Settings[sbt.Scope]]("settingsData") in Scope(Global)),true,None)
Sending msg to client play-fork-run-2eee0802-a51a-40a1-9f91-3b01f431f0bd: TaskStarted(6,325,Some(AttributeKey[scala.collection.immutable.Map[org.apache.ivy.core.module.id.ModuleRevisionId,org.apache.ivy.core.module.descriptor.ModuleDescriptor]]("projectDescriptors") in Scope(Build: file:/C:/Users/cboucher/workspace/CCSApp/, , Project: ProjectReference(file:/C:/Users/cboucher/workspace/CCSApp/,root))))
Sending msg to client play-fork-run-2eee0802-a51a-40a1-9f91-3b01f431f0bd: TaskStarted(6,333,Some(AttributeKey[scala.collection.Seq[sbt.ModuleID]]("projectDependencies") in Scope(Build: file:/C:/Users/cboucher/workspace/CCSApp/, , Project: ProjectReference(file:/C:/Users/cboucher/workspace/CCSApp/,root))))
Sending msg to client play-fork-run-2eee0802-a51a-40a1-9f91-3b01f431f0bd: TaskStarted(6,337,None)
Sending msg to client play-fork-run-2eee0802-a51a-40a1-9f91-3b01f431f0bd: TaskStarted(6,354,None)
Sending msg to client play-fork-run-2eee0802-a51a-40a1-9f91-3b01f431f0bd: TaskStarted(6,359,None)
Sending msg to client play-fork-run-2eee0802-a51a-40a1-9f91-3b01f431f0bd: TaskFinished(6,336,Some(AttributeKey[boolean]("skip") in Scope(Global)),true,None)
Sending msg to client play-fork-run-2eee0802-a51a-40a1-9f91-3b01f431f0bd: TaskStarted(6,360,None)
Sending msg to client play-fork-run-2eee0802-a51a-40a1-9f91-3b01f431f0bd: TaskStarted(6,364,None)
Sending msg to client play-fork-run-2eee0802-a51a-40a1-9f91-3b01f431f0bd: TaskStarted(6,365,None)
Sending msg to client play-fork-run-2eee0802-a51a-40a1-9f91-3b01f431f0bd: TaskStarted(6,368,None)
Sending msg to client play-fork-run-2eee0802-a51a-40a1-9f91-3b01f431f0bd: TaskStarted(6,370,None)
Sending msg to client play-fork-run-2eee0802-a51a-40a1-9f91-3b01f431f0bd: TaskStarted(6,371,None)
Sending msg to client play-fork-run-2eee0802-a51a-40a1-9f91-3b01f431f0bd: TaskFinished(6,359,None,true,None)
Sending msg to client play-fork-run-2eee0802-a51a-40a1-9f91-3b01f431f0bd: TaskStarted(6,358,None)
Sending msg to client play-fork-run-2eee0802-a51a-40a1-9f91-3b01f431f0bd: TaskFinished(6,360,None,true,None)
Sending msg to client play-fork-run-2eee0802-a51a-40a1-9f91-3b01f431f0bd: TaskFinished(6,337,None,true,None)
Sending msg to client play-fork-run-2eee0802-a51a-40a1-9f91-3b01f431f0bd: TaskFinished(6,364,None,true,None)
Sending msg to client play-fork-run-2eee0802-a51a-40a1-9f91-3b01f431f0bd: TaskFinished(6,365,None,true,None)
Sending msg to client play-fork-run-2eee0802-a51a-40a1-9f91-3b01f431f0bd: TaskStarted(6,363,Some(AttributeKey[scala.collection.Seq[sbt.Attributed[java.io.File]]]("unmanagedJars") in Scope(Build: file:/C:/Users/cboucher/workspace/CCSApp/, , Project: ProjectReference(file:/C:/Users/cboucher/workspace/CCSApp/,root), Config: runtime)))
Sending msg to client play-fork-run-2eee0802-a51a-40a1-9f91-3b01f431f0bd: TaskFinished(6,368,None,true,None)
Sending msg to client play-fork-run-2eee0802-a51a-40a1-9f91-3b01f431f0bd: TaskStarted(6,367,None)
Sending msg to client play-fork-run-2eee0802-a51a-40a1-9f91-3b01f431f0bd: TaskFinished(6,370,None,true,None)
Sending msg to client play-fork-run-2eee0802-a51a-40a1-9f91-3b01f431f0bd: TaskFinished(6,371,None,true,None)
Sending msg to client play-fork-run-2eee0802-a51a-40a1-9f91-3b01f431f0bd: TaskStarted(6,369,Some(AttributeKey[scala.collection.Seq[sbt.Attributed[java.io.File]]]("unmanagedJars") in Scope(Build: file:/C:/Users/cboucher/workspace/CCSApp/, , Project: ProjectReference(file:/C:/Users/cboucher/workspace/CCSApp/,root), Config: compile)))
Sending msg to client play-fork-run-2eee0802-a51a-40a1-9f91-3b01f431f0bd: TaskFinished(6,358,None,true,None)
Sending msg to client play-fork-run-2eee0802-a51a-40a1-9f91-3b01f431f0bd: TaskFinished(6,325,Some(AttributeKey[scala.collection.immutable.Map[org.apache.ivy.core.module.id.ModuleRevisionId,org.apache.ivy.core.module.descriptor.ModuleDescriptor]]("projectDescriptors") in Scope(Build: file:/C:/Users/cboucher/workspace/CCSApp/, , Project: ProjectReference(file:/C:/Users/cboucher/workspace/CCSApp/,root))),true,None)
Sending msg to client play-fork-run-2eee0802-a51a-40a1-9f91-3b01f431f0bd: TaskStarted(6,324,Some(AttributeKey[sbt.Resolver]("projectResolver") in Scope(Build: file:/C:/Users/cboucher/workspace/CCSApp/, , Project: ProjectReference(file:/C:/Users/cboucher/workspace/CCSApp/,root))))
Sending msg to client play-fork-run-2eee0802-a51a-40a1-9f91-3b01f431f0bd: TaskFinished(6,363,Some(AttributeKey[scala.collection.Seq[sbt.Attributed[java.io.File]]]("unmanagedJars") in Scope(Build: file:/C:/Users/cboucher/workspace/CCSApp/, , Project: ProjectReference(file:/C:/Users/cboucher/workspace/CCSApp/,root), Config: runtime)),true,None)
Sending msg to client play-fork-run-2eee0802-a51a-40a1-9f91-3b01f431f0bd: TaskStarted(6,372,None)
Sending msg to client play-fork-run-2eee0802-a51a-40a1-9f91-3b01f431f0bd: TaskFinished(6,369,Some(AttributeKey[scala.collection.Seq[sbt.Attributed[java.io.File]]]("unmanagedJars") in Scope(Build: file:/C:/Users/cboucher/workspace/CCSApp/, , Project: ProjectReference(file:/C:/Users/cboucher/workspace/CCSApp/,root), Config: compile)),true,None)
Sending msg to client play-fork-run-2eee0802-a51a-40a1-9f91-3b01f431f0bd: TaskFinished(6,324,Some(AttributeKey[sbt.Resolver]("projectResolver") in Scope(Build: file:/C:/Users/cboucher/workspace/CCSApp/, , Project: ProjectReference(file:/C:/Users/cboucher/workspace/CCSApp/,root))),true,None)
Sending msg to client play-fork-run-2eee0802-a51a-40a1-9f91-3b01f431f0bd: TaskStarted(6,321,Some(AttributeKey[scala.collection.Seq[sbt.Resolver]]("fullResolvers") in Scope(Build: file:/C:/Users/cboucher/workspace/CCSApp/, , Project: ProjectReference(file:/C:/Users/cboucher/workspace/CCSApp/,root))))
Sending msg to client play-fork-run-2eee0802-a51a-40a1-9f91-3b01f431f0bd: TaskFinished(6,372,None,true,None)
Sending msg to client play-fork-run-2eee0802-a51a-40a1-9f91-3b01f431f0bd: TaskFinished(6,367,None,true,None)
Sending msg to client play-fork-run-2eee0802-a51a-40a1-9f91-3b01f431f0bd: TaskStarted(6,366,Some(AttributeKey[scala.collection.Seq[sbt.Attributed[java.io.File]]]("unmanagedJars") in Scope(Build: file:/C:/Users/cboucher/workspace/CCSApp/, , Project: ProjectReference(file:/C:/Users/cboucher/workspace/CCSApp/,root), Config: compile)))
Sending msg to client play-fork-run-2eee0802-a51a-40a1-9f91-3b01f431f0bd: TaskFinished(6,321,Some(AttributeKey[scala.collection.Seq[sbt.Resolver]]("fullResolvers") in Scope(Build: file:/C:/Users/cboucher/workspace/CCSApp/, , Project: ProjectReference(file:/C:/Users/cboucher/workspace/CCSApp/,root))),true,None)
Sending msg to client play-fork-run-2eee0802-a51a-40a1-9f91-3b01f431f0bd: TaskStarted(6,320,Some(AttributeKey[sbt.IvyConfiguration]("ivyConfiguration") in Scope(Build: file:/C:/Users/cboucher/workspace/CCSApp/, , Project: ProjectReference(file:/C:/Users/cboucher/workspace/CCSApp/,root))))
Sending msg to client play-fork-run-2eee0802-a51a-40a1-9f91-3b01f431f0bd: TaskFinished(6,366,Some(AttributeKey[scala.collection.Seq[sbt.Attributed[java.io.File]]]("unmanagedJars") in Scope(Build: file:/C:/Users/cboucher/workspace/CCSApp/, , Project: ProjectReference(file:/C:/Users/cboucher/workspace/CCSApp/,root), Config: compile)),true,None)
Sending msg to client play-fork-run-2eee0802-a51a-40a1-9f91-3b01f431f0bd: TaskStarted(6,362,None)
Sending msg to client play-fork-run-2eee0802-a51a-40a1-9f91-3b01f431f0bd: TaskFinished(6,320,Some(AttributeKey[sbt.IvyConfiguration]("ivyConfiguration") in Scope(Build: file:/C:/Users/cboucher/workspace/CCSApp/, , Project: ProjectReference(file:/C:/Users/cboucher/workspace/CCSApp/,root))),true,None)
Sending msg to client play-fork-run-2eee0802-a51a-40a1-9f91-3b01f431f0bd: TaskStarted(6,318,Some(AttributeKey[sbt.IvySbt]("ivySbt") in Scope(Build: file:/C:/Users/cboucher/workspace/CCSApp/, , Project: ProjectReference(file:/C:/Users/cboucher/workspace/CCSApp/,root))))
Sending msg to client play-fork-run-2eee0802-a51a-40a1-9f91-3b01f431f0bd: TaskFinished(6,362,None,true,None)
Sending msg to client play-fork-run-2eee0802-a51a-40a1-9f91-3b01f431f0bd: TaskStarted(6,361,None)
Sending msg to client play-fork-run-2eee0802-a51a-40a1-9f91-3b01f431f0bd: TaskFinished(6,310,Some(AttributeKey[scala.collection.immutable.Map[sbt.ModuleID,sbt.SourcePosition]]("dependencyPositions") in Scope(Build: file:/C:/Users/cboucher/workspace/CCSApp/, , Project: ProjectReference(file:/C:/Users/cboucher/workspace/CCSApp/,root))),true,None)
Sending msg to client play-fork-run-2eee0802-a51a-40a1-9f91-3b01f431f0bd: TaskStarted(6,309,Some(AttributeKey[sbt.UnresolvedWarningConfiguration]("unresolvedWarningConfiguration") in Scope(Build: file:/C:/Users/cboucher/workspace/CCSApp/, , Project: ProjectReference(file:/C:/Users/cboucher/workspace/CCSApp/,root), Task: AttributeKey[sbt.UpdateReport]("update"))))
Sending msg to client play-fork-run-2eee0802-a51a-40a1-9f91-3b01f431f0bd: TaskFinished(6,333,Some(AttributeKey[scala.collection.Seq[sbt.ModuleID]]("projectDependencies") in Scope(Build: file:/C:/Users/cboucher/workspace/CCSApp/, , Project: ProjectReference(file:/C:/Users/cboucher/workspace/CCSApp/,root))),true,None)
Sending msg to client play-fork-run-2eee0802-a51a-40a1-9f91-3b01f431f0bd: TaskStarted(6,332,Some(AttributeKey[scala.collection.Seq[sbt.ModuleID]]("allDependencies") in Scope(Build: file:/C:/Users/cboucher/workspace/CCSApp/, , Project: ProjectReference(file:/C:/Users/cboucher/workspace/CCSApp/,root))))
Sending msg to client play-fork-run-2eee0802-a51a-40a1-9f91-3b01f431f0bd: TaskFinished(6,361,None,true,None)
Sending msg to client play-fork-run-2eee0802-a51a-40a1-9f91-3b01f431f0bd: TaskFinished(6,354,None,true,None)
Sending msg to client play-fork-run-2eee0802-a51a-40a1-9f91-3b01f431f0bd: TaskStarted(6,353,Some(AttributeKey[scala.collection.Seq[sbt.Attributed[java.io.File]]]("unmanagedClasspath") in Scope(Build: file:/C:/Users/cboucher/workspace/CCSApp/, , Project: ProjectReference(file:/C:/Users/cboucher/workspace/CCSApp/,root), Config: runtime)))
Sending msg to client play-fork-run-2eee0802-a51a-40a1-9f91-3b01f431f0bd: TaskFinished(6,332,Some(AttributeKey[scala.collection.Seq[sbt.ModuleID]]("allDependencies") in Scope(Build: file:/C:/Users/cboucher/workspace/CCSApp/, , Project: ProjectReference(file:/C:/Users/cboucher/workspace/CCSApp/,root))),true,None)
Sending msg to client play-fork-run-2eee0802-a51a-40a1-9f91-3b01f431f0bd: TaskStarted(6,331,Some(AttributeKey[sbt.ModuleSettings]("moduleSettings") in Scope(Build: file:/C:/Users/cboucher/workspace/CCSApp/, , Project: ProjectReference(file:/C:/Users/cboucher/workspace/CCSApp/,root))))
Sending msg to client play-fork-run-2eee0802-a51a-40a1-9f91-3b01f431f0bd: TaskFinished(6,353,Some(AttributeKey[scala.collection.Seq[sbt.Attributed[java.io.File]]]("unmanagedClasspath") in Scope(Build: file:/C:/Users/cboucher/workspace/CCSApp/, , Project: ProjectReference(file:/C:/Users/cboucher/workspace/CCSApp/,root), Config: runtime)),true,None)
Sending msg to client play-fork-run-2eee0802-a51a-40a1-9f91-3b01f431f0bd: TaskFinished(6,309,Some(AttributeKey[sbt.UnresolvedWarningConfiguration]("unresolvedWarningConfiguration") in Scope(Build: file:/C:/Users/cboucher/workspace/CCSApp/, , Project: ProjectReference(file:/C:/Users/cboucher/workspace/CCSApp/,root), Task: AttributeKey[sbt.UpdateReport]("update"))),true,None)
Sending msg to client play-fork-run-2eee0802-a51a-40a1-9f91-3b01f431f0bd: TaskFinished(6,331,Some(AttributeKey[sbt.ModuleSettings]("moduleSettings") in Scope(Build: file:/C:/Users/cboucher/workspace/CCSApp/, , Project: ProjectReference(file:/C:/Users/cboucher/workspace/CCSApp/,root))),true,None)
Sending msg to client play-fork-run-2eee0802-a51a-40a1-9f91-3b01f431f0bd: TaskFinished(6,318,Some(AttributeKey[sbt.IvySbt]("ivySbt") in Scope(Build: file:/C:/Users/cboucher/workspace/CCSApp/, , Project: ProjectReference(file:/C:/Users/cboucher/workspace/CCSApp/,root))),true,None)
Sending msg to client play-fork-run-2eee0802-a51a-40a1-9f91-3b01f431f0bd: TaskStarted(6,317,Some(AttributeKey[sbt.IvySbt$Module]("ivyModule") in Scope(Build: file:/C:/Users/cboucher/workspace/CCSApp/, , Project: ProjectReference(file:/C:/Users/cboucher/workspace/CCSApp/,root))))
Sending msg to client play-fork-run-2eee0802-a51a-40a1-9f91-3b01f431f0bd: TaskFinished(6,317,Some(AttributeKey[sbt.IvySbt$Module]("ivyModule") in Scope(Build: file:/C:/Users/cboucher/workspace/CCSApp/, , Project: ProjectReference(file:/C:/Users/cboucher/workspace/CCSApp/,root))),true,None)
Sending msg to client play-fork-run-2eee0802-a51a-40a1-9f91-3b01f431f0bd: TaskStarted(6,308,Some(AttributeKey[sbt.UpdateReport]("update") in Scope(Build: file:/C:/Users/cboucher/workspace/CCSApp/, , Project: ProjectReference(file:/C:/Users/cboucher/workspace/CCSApp/,root))))
Sending msg to client play-fork-run-2eee0802-a51a-40a1-9f91-3b01f431f0bd: TaskFinished(6,308,Some(AttributeKey[sbt.UpdateReport]("update") in Scope(Build: file:/C:/Users/cboucher/workspace/CCSApp/, , Project: ProjectReference(file:/C:/Users/cboucher/workspace/CCSApp/,root))),true,None)
Sending msg to client play-fork-run-2eee0802-a51a-40a1-9f91-3b01f431f0bd: TaskStarted(6,305,Some(AttributeKey[sbt.UpdateReport]("update") in Scope(Build: file:/C:/Users/cboucher/workspace/CCSApp/, , Project: ProjectReference(file:/C:/Users/cboucher/workspace/CCSApp/,root))))
Sending msg to client play-fork-run-2eee0802-a51a-40a1-9f91-3b01f431f0bd: TaskFinished(6,305,Some(AttributeKey[sbt.UpdateReport]("update") in Scope(Build: file:/C:/Users/cboucher/workspace/CCSApp/, , Project: ProjectReference(file:/C:/Users/cboucher/workspace/CCSApp/,root))),true,None)
Sending msg to client play-fork-run-2eee0802-a51a-40a1-9f91-3b01f431f0bd: TaskStarted(6,304,Some(AttributeKey[scala.collection.Seq[sbt.Attributed[java.io.File]]]("managedClasspath") in Scope(Build: file:/C:/Users/cboucher/workspace/CCSApp/, , Project: ProjectReference(file:/C:/Users/cboucher/workspace/CCSApp/,root), Config: docs)))
Sending msg to client play-fork-run-2eee0802-a51a-40a1-9f91-3b01f431f0bd: TaskStarted(6,351,Some(AttributeKey[sbt.Configuration]("classpathConfiguration") in Scope(Build: file:/C:/Users/cboucher/workspace/CCSApp/, , Project: ProjectReference(file:/C:/Users/cboucher/workspace/CCSApp/,root), Config: compile)))
Sending msg to client play-fork-run-2eee0802-a51a-40a1-9f91-3b01f431f0bd: TaskFinished(6,351,Some(AttributeKey[sbt.Configuration]("classpathConfiguration") in Scope(Build: file:/C:/Users/cboucher/workspace/CCSApp/, , Project: ProjectReference(file:/C:/Users/cboucher/workspace/CCSApp/,root), Config: compile)),true,None)
Sending msg to client play-fork-run-2eee0802-a51a-40a1-9f91-3b01f431f0bd: TaskStarted(6,350,None)
Sending msg to client play-fork-run-2eee0802-a51a-40a1-9f91-3b01f431f0bd: TaskFinished(6,304,Some(AttributeKey[scala.collection.Seq[sbt.Attributed[java.io.File]]]("managedClasspath") in Scope(Build: file:/C:/Users/cboucher/workspace/CCSApp/, , Project: ProjectReference(file:/C:/Users/cboucher/workspace/CCSApp/,root), Config: docs)),true,None)
Sending msg to client play-fork-run-2eee0802-a51a-40a1-9f91-3b01f431f0bd: TaskStarted(6,339,Some(AttributeKey[scala.Option[java.io.File]]("playDocsJar") in Scope(Build: file:/C:/Users/cboucher/workspace/CCSApp/, , Project: ProjectReference(file:/C:/Users/cboucher/workspace/CCSApp/,root))))
Sending msg to client play-fork-run-2eee0802-a51a-40a1-9f91-3b01f431f0bd: TaskFinished(6,339,Some(AttributeKey[scala.Option[java.io.File]]("playDocsJar") in Scope(Build: file:/C:/Users/cboucher/workspace/CCSApp/, , Project: ProjectReference(file:/C:/Users/cboucher/workspace/CCSApp/,root))),true,None)
Sending msg to client play-fork-run-2eee0802-a51a-40a1-9f91-3b01f431f0bd: TaskFinished(6,350,None,true,None)
Sending msg to client play-fork-run-2eee0802-a51a-40a1-9f91-3b01f431f0bd: TaskStarted(6,349,Some(AttributeKey[sbt.Configuration]("classpathConfiguration") in Scope(Build: file:/C:/Users/cboucher/workspace/CCSApp/, , Project: ProjectReference(file:/C:/Users/cboucher/workspace/CCSApp/,root), Config: runtime)))
Sending msg to client play-fork-run-2eee0802-a51a-40a1-9f91-3b01f431f0bd: TaskFinished(6,349,Some(AttributeKey[sbt.Configuration]("classpathConfiguration") in Scope(Build: file:/C:/Users/cboucher/workspace/CCSApp/, , Project: ProjectReference(file:/C:/Users/cboucher/workspace/CCSApp/,root), Config: runtime)),true,None)
Sending msg to client play-fork-run-2eee0802-a51a-40a1-9f91-3b01f431f0bd: TaskStarted(6,348,None)
Sending msg to client play-fork-run-2eee0802-a51a-40a1-9f91-3b01f431f0bd: TaskFinished(6,348,None,true,None)
Sending msg to client play-fork-run-2eee0802-a51a-40a1-9f91-3b01f431f0bd: TaskStarted(6,346,Some(AttributeKey[scala.collection.Seq[sbt.Attributed[java.io.File]]]("managedClasspath") in Scope(Build: file:/C:/Users/cboucher/workspace/CCSApp/, , Project: ProjectReference(file:/C:/Users/cboucher/workspace/CCSApp/,root), Config: runtime)))
Sending msg to client play-fork-run-2eee0802-a51a-40a1-9f91-3b01f431f0bd: TaskFinished(6,346,Some(AttributeKey[scala.collection.Seq[sbt.Attributed[java.io.File]]]("managedClasspath") in Scope(Build: file:/C:/Users/cboucher/workspace/CCSApp/, , Project: ProjectReference(file:/C:/Users/cboucher/workspace/CCSApp/,root), Config: runtime)),true,None)
Sending msg to client play-fork-run-2eee0802-a51a-40a1-9f91-3b01f431f0bd: TaskStarted(6,345,None)
Sending msg to client play-fork-run-2eee0802-a51a-40a1-9f91-3b01f431f0bd: TaskFinished(6,345,None,true,None)
Sending msg to client play-fork-run-2eee0802-a51a-40a1-9f91-3b01f431f0bd: TaskStarted(6,343,Some(AttributeKey[scala.collection.Seq[sbt.Attributed[java.io.File]]]("playDependencyClasspath") in Scope(Build: file:/C:/Users/cboucher/workspace/CCSApp/, , Project: ProjectReference(file:/C:/Users/cboucher/workspace/CCSApp/,root))))
Sending msg to client play-fork-run-2eee0802-a51a-40a1-9f91-3b01f431f0bd: TaskFinished(6,342,None,true,None)
Sending msg to client play-fork-run-2eee0802-a51a-40a1-9f91-3b01f431f0bd: TaskStarted(6,341,Some(AttributeKey[scala.collection.Seq[java.io.File]]("playMonitoredFiles") in Scope(Build: file:/C:/Users/cboucher/workspace/CCSApp/, , Project: ProjectReference(file:/C:/Users/cboucher/workspace/CCSApp/,root))))
Sending msg to client play-fork-run-2eee0802-a51a-40a1-9f91-3b01f431f0bd: TaskFinished(6,343,Some(AttributeKey[scala.collection.Seq[sbt.Attributed[java.io.File]]]("playDependencyClasspath") in Scope(Build: file:/C:/Users/cboucher/workspace/CCSApp/, , Project: ProjectReference(file:/C:/Users/cboucher/workspace/CCSApp/,root))),true,None)
Sending msg to client play-fork-run-2eee0802-a51a-40a1-9f91-3b01f431f0bd: TaskStarted(6,373,None)
Sending msg to client play-fork-run-2eee0802-a51a-40a1-9f91-3b01f431f0bd: TaskFinished(6,373,None,true,None)
Sending msg to client play-fork-run-2eee0802-a51a-40a1-9f91-3b01f431f0bd: TaskFinished(6,341,Some(AttributeKey[scala.collection.Seq[java.io.File]]("playMonitoredFiles") in Scope(Build: file:/C:/Users/cboucher/workspace/CCSApp/, , Project: ProjectReference(file:/C:/Users/cboucher/workspace/CCSApp/,root))),true,None)
Sending msg to client play-fork-run-2eee0802-a51a-40a1-9f91-3b01f431f0bd: TaskStarted(6,302,Some(AttributeKey[play.forkrun.protocol.ForkConfig]("playForkConfig") in Scope(Build: file:/C:/Users/cboucher/workspace/CCSApp/, , Project: ProjectReference(file:/C:/Users/cboucher/workspace/CCSApp/,root))))
Sending msg to client play-fork-run-2eee0802-a51a-40a1-9f91-3b01f431f0bd: TaskFinished(6,302,Some(AttributeKey[play.forkrun.protocol.ForkConfig]("playForkConfig") in Scope(Build: file:/C:/Users/cboucher/workspace/CCSApp/, , Project: ProjectReference(file:/C:/Users/cboucher/workspace/CCSApp/,root))),true,None)
Sending msg to client play-fork-run-2eee0802-a51a-40a1-9f91-3b01f431f0bd: ValueChanged(AttributeKey[play.forkrun.protocol.ForkConfig]("playForkConfig") in Scope(Build: file:/C:/Users/cboucher/workspace/CCSApp/, , Project: ProjectReference(file:/C:/Users/cboucher/workspace/CCSApp/,root)),TaskSuccess(BuildValue(LazyValue(ForkConfig(C:\Users\cboucher\workspace\CCSApp,List(),List(C:\Users\cboucher\.ivy2\cache\org.scala-lang\scala-library\jars\scala-library-2.11.7.jar, C:\Users\cboucher\.ivy2\cache\com.typesafe.play\twirl-api_2.11\jars\twirl-api_2.11-1.1.1.jar, C:\Users\cboucher\.ivy2\cache\org.apache.commons\commons-lang3\jars\commons-lang3-3.4.jar, C:\Users\cboucher\.ivy2\cache\org.scala-lang.modules\scala-xml_2.11\bundles\scala-xml_2.11-1.0.1.jar, C:\Users\cboucher\.ivy2\cache\com.typesafe.play\play-server_2.11\jars\play-server_2.11-2.4.3.jar, C:\Users\cboucher\.ivy2\cache\com.typesafe.play\play_2.11\jars\play_2.11-2.4.3.jar, C:\Users\cboucher\.ivy2\cache\com.typesafe.play\build-link\jars\build-link-2.4.3.jar, C:\Users\cboucher\.ivy2\cache\com.typesafe.play\play-exceptions\jars\play-exceptions-2.4.3.jar, C:\Users\cboucher\.ivy2\cache\org.javassist\javassist\bundles\javassist-3.19.0-GA.jar, C:\Users\cboucher\.ivy2\cache\com.typesafe.play\play-iteratees_2.11\jars\play-iteratees_2.11-2.4.3.jar, C:\Users\cboucher\.ivy2\cache\org.scala-stm\scala-stm_2.11\jars\scala-stm_2.11-0.7.jar, C:\Users\cboucher\.ivy2\cache\com.typesafe\config\bundles\config-1.3.0.jar, C:\Users\cboucher\.ivy2\cache\com.typesafe.play\play-json_2.11\jars\play-json_2.11-2.4.3.jar, C:\Users\cboucher\.ivy2\cache\com.typesafe.play\play-functional_2.11\jars\play-functional_2.11-2.4.3.jar, C:\Users\cboucher\.ivy2\cache\com.typesafe.play\play-datacommons_2.11\jars\play-datacommons_2.11-2.4.3.jar, C:\Users\cboucher\.ivy2\cache\joda-time\joda-time\jars\joda-time-2.8.1.jar, C:\Users\cboucher\.ivy2\cache\org.joda\joda-convert\jars\joda-convert-1.7.jar, C:\Users\cboucher\.ivy2\cache\org.scala-lang\scala-reflect\jars\scala-reflect-2.11.6.jar, C:\Users\cboucher\.ivy2\cache\com.fasterxml.jackson.core\jackson-core\bundles\jackson-core-2.5.4.jar, C:\Users\cboucher\.ivy2\cache\com.fasterxml.jackson.core\jackson-annotations\bundles\jackson-annotations-2.5.4.jar, C:\Users\cboucher\.ivy2\cache\com.fasterxml.jackson.core\jackson-databind\bundles\jackson-databind-2.5.4.jar, C:\Users\cboucher\.ivy2\cache\com.fasterxml.jackson.datatype\jackson-datatype-jdk8\bundles\jackson-datatype-jdk8-2.5.4.jar, C:\Users\cboucher\.ivy2\cache\com.fasterxml.jackson.datatype\jackson-datatype-jsr310\bundles\jackson-datatype-jsr310-2.5.4.jar, C:\Users\cboucher\.ivy2\cache\com.typesafe.play\play-netty-utils\jars\play-netty-utils-2.4.3.jar, C:\Users\cboucher\.ivy2\cache\org.slf4j\slf4j-api\jars\slf4j-api-1.7.12.jar, C:\Users\cboucher\.ivy2\cache\org.slf4j\jul-to-slf4j\jars\jul-to-slf4j-1.7.12.jar, C:\Users\cboucher\.ivy2\cache\org.slf4j\jcl-over-slf4j\jars\jcl-over-slf4j-1.7.12.jar, C:\Users\cboucher\.ivy2\cache\org.scala-lang.modules\scala-parser-combinators_2.11\bundles\scala-parser-combinators_2.11-1.0.1.jar, C:\Users\cboucher\.ivy2\cache\ch.qos.logback\logback-core\jars\logback-core-1.1.3.jar, C:\Users\cboucher\.ivy2\cache\ch.qos.logback\logback-classic\jars\logback-classic-1.1.3.jar, C:\Users\cboucher\.ivy2\cache\com.typesafe.akka\akka-actor_2.11\jars\akka-actor_2.11-2.3.13.jar, C:\Users\cboucher\.ivy2\cache\com.typesafe.akka\akka-slf4j_2.11\jars\akka-slf4j_2.11-2.3.13.jar, C:\Users\cboucher\.ivy2\cache\commons-codec\commons-codec\jars\commons-codec-1.10.jar, C:\Users\cboucher\.ivy2\cache\xerces\xercesImpl\jars\xercesImpl-2.11.0.jar, C:\Users\cboucher\.ivy2\cache\xml-apis\xml-apis\jars\xml-apis-1.4.01.jar, C:\Users\cboucher\.ivy2\cache\javax.transaction\jta\jars\jta-1.1.jar, C:\Users\cboucher\.ivy2\cache\com.google.inject\guice\jars\guice-4.0.jar, C:\Users\cboucher\.ivy2\cache\javax.inject\javax.inject\jars\javax.inject-1.jar, C:\Users\cboucher\.ivy2\cache\aopalliance\aopalliance\jars\aopalliance-1.0.jar, C:\Users\cboucher\.ivy2\cache\com.google.inject.extensions\guice-assistedinject\jars\guice-assistedinject-4.0.jar, C:\Users\cboucher\.ivy2\cache\com.typesafe.play\play-netty-server_2.11\jars\play-netty-server_2.11-2.4.3.jar, C:\Users\cboucher\.ivy2\cache\io.netty\netty\bundles\netty-3.10.4.Final.jar, C:\Users\cboucher\.ivy2\cache\com.typesafe.netty\netty-http-pipelining\jars\netty-http-pipelining-1.1.4.jar, C:\Users\cboucher\.ivy2\cache\com.typesafe.play\play-jdbc_2.11\jars\play-jdbc_2.11-2.4.3.jar, C:\Users\cboucher\.ivy2\cache\com.typesafe.play\play-jdbc-api_2.11\jars\play-jdbc-api_2.11-2.4.3.jar, C:\Users\cboucher\.ivy2\cache\com.jolbox\bonecp\bundles\bonecp-0.8.0.RELEASE.jar, C:\Users\cboucher\.ivy2\cache\com.zaxxer\HikariCP\bundles\HikariCP-2.3.7.jar, C:\Users\cboucher\.ivy2\cache\com.h2database\h2\jars\h2-1.4.187.jar, C:\Users\cboucher\.ivy2\cache\tyrex\tyrex\jars\tyrex-1.0.1.jar, C:\Users\cboucher\.ivy2\cache\com.typesafe.play\play-cache_2.11\jars\play-cache_2.11-2.4.3.jar, C:\Users\cboucher\.ivy2\cache\net.sf.ehcache\ehcache-core\jars\ehcache-core-2.6.11.jar, C:\Users\cboucher\.ivy2\cache\com.typesafe.play\play-ws_2.11\jars\play-ws_2.11-2.4.3.jar, C:\Users\cboucher\.ivy2\cache\com.google.guava\guava\bundles\guava-18.0.jar, C:\Users\cboucher\.ivy2\cache\com.ning\async-http-client\jars\async-http-client-1.9.21.jar, C:\Users\cboucher\.ivy2\cache\oauth.signpost\signpost-core\jars\signpost-core-1.2.1.2.jar, C:\Users\cboucher\.ivy2\cache\oauth.signpost\signpost-commonshttp4\jars\signpost-commonshttp4-1.2.1.2.jar, C:\Users\cboucher\.ivy2\cache\org.apache.httpcomponents\httpcore\jars\httpcore-4.0.1.jar, C:\Users\cboucher\.ivy2\cache\org.apache.httpcomponents\httpclient\jars\httpclient-4.0.1.jar, C:\Users\cboucher\.ivy2\cache\commons-logging\commons-logging\jars\commons-logging-1.1.1.jar, C:\Users\cboucher\.ivy2\cache\org.mongodb\casbah-core_2.11\jars\casbah-core_2.11-3.0.0.jar, C:\Users\cboucher\.ivy2\cache\org.mongodb\casbah-commons_2.11\jars\casbah-commons_2.11-3.0.0.jar, C:\Users\cboucher\.ivy2\cache\com.github.nscala-time\nscala-time_2.11\jars\nscala-time_2.11-1.0.0.jar, C:\Users\cboucher\.ivy2\cache\org.mongodb\mongo-java-driver\jars\mongo-java-driver-3.1.0.jar, C:\Users\cboucher\.ivy2\cache\org.mongodb\casbah-query_2.11\jars\casbah-query_2.11-3.0.0.jar, C:\Users\cboucher\.ivy2\cache\org.mongodb\casbah-gridfs_2.11\jars\casbah-gridfs_2.11-3.0.0.jar, C:\Users\cboucher\.ivy2\cache\mysql\mysql-connector-java\jars\mysql-connector-java-5.1.37.jar),List((public/,C:\Users\cboucher\workspace\CCSApp\target\web\public\main)),List(C:\Users\cboucher\.ivy2\cache\com.typesafe.play\play-omnidoc_2.11\jars\play-omnidoc_2.11-2.4.3.jar, C:\Users\cboucher\.ivy2\cache\org.scala-lang\scala-library\jars\scala-library-2.11.6.jar, C:\Users\cboucher\.ivy2\cache\com.typesafe.play\play-docs_2.11\jars\play-docs_2.11-2.4.3.jar, C:\Users\cboucher\.ivy2\cache\com.typesafe.play\play-netty-server_2.11\jars\play-netty-server_2.11-2.4.3.jar, C:\Users\cboucher\.ivy2\cache\com.typesafe.play\play-server_2.11\jars\play-server_2.11-2.4.3.jar, C:\Users\cboucher\.ivy2\cache\com.typesafe.play\play_2.11\jars\play_2.11-2.4.3.jar, C:\Users\cboucher\.ivy2\cache\com.typesafe.play\build-link\jars\build-link-2.4.3.jar, C:\Users\cboucher\.ivy2\cache\com.typesafe.play\play-exceptions\jars\play-exceptions-2.4.3.jar, C:\Users\cboucher\.ivy2\cache\org.javassist\javassist\bundles\javassist-3.19.0-GA.jar, C:\Users\cboucher\.ivy2\cache\com.typesafe.play\play-iteratees_2.11\jars\play-iteratees_2.11-2.4.3.jar, C:\Users\cboucher\.ivy2\cache\org.scala-stm\scala-stm_2.11\jars\scala-stm_2.11-0.7.jar, C:\Users\cboucher\.ivy2\cache\com.typesafe\config\bundles\config-1.3.0.jar, C:\Users\cboucher\.ivy2\cache\com.typesafe.play\play-json_2.11\jars\play-json_2.11-2.4.3.jar, C:\Users\cboucher\.ivy2\cache\com.typesafe.play\play-functional_2.11\jars\play-functional_2.11-2.4.3.jar, C:\Users\cboucher\.ivy2\cache\com.typesafe.play\play-datacommons_2.11\jars\play-datacommons_2.11-2.4.3.jar, C:\Users\cboucher\.ivy2\cache\joda-time\joda-time\jars\joda-time-2.8.1.jar, C:\Users\cboucher\.ivy2\cache\org.joda\joda-convert\jars\joda-convert-1.7.jar, C:\Users\cboucher\.ivy2\cache\org.scala-lang\scala-reflect\jars\scala-reflect-2.11.6.jar, C:\Users\cboucher\.ivy2\cache\com.fasterxml.jackson.core\jackson-core\bundles\jackson-core-2.5.4.jar, C:\Users\cboucher\.ivy2\cache\com.fasterxml.jackson.core\jackson-annotations\bundles\jackson-annotations-2.5.4.jar, C:\Users\cboucher\.ivy2\cache\com.fasterxml.jackson.core\jackson-databind\bundles\jackson-databind-2.5.4.jar, C:\Users\cboucher\.ivy2\cache\com.fasterxml.jackson.datatype\jackson-datatype-jdk8\bundles\jackson-datatype-jdk8-2.5.4.jar, C:\Users\cboucher\.ivy2\cache\com.fasterxml.jackson.datatype\jackson-datatype-jsr310\bundles\jackson-datatype-jsr310-2.5.4.jar, C:\Users\cboucher\.ivy2\cache\com.typesafe.play\play-netty-utils\jars\play-netty-utils-2.4.3.jar, C:\Users\cboucher\.ivy2\cache\org.slf4j\slf4j-api\jars\slf4j-api-1.7.12.jar, C:\Users\cboucher\.ivy2\cache\org.slf4j\jul-to-slf4j\jars\jul-to-slf4j-1.7.12.jar, C:\Users\cboucher\.ivy2\cache\org.slf4j\jcl-over-slf4j\jars\jcl-over-slf4j-1.7.12.jar, C:\Users\cboucher\.ivy2\cache\com.typesafe.play\twirl-api_2.11\jars\twirl-api_2.11-1.1.1.jar, C:\Users\cboucher\.ivy2\cache\org.apache.commons\commons-lang3\jars\commons-lang3-3.4.jar, C:\Users\cboucher\.ivy2\cache\org.scala-lang.modules\scala-xml_2.11\bundles\scala-xml_2.11-1.0.1.jar, C:\Users\cboucher\.ivy2\cache\org.scala-lang.modules\scala-parser-combinators_2.11\bundles\scala-parser-combinators_2.11-1.0.1.jar, C:\Users\cboucher\.ivy2\cache\ch.qos.logback\logback-core\jars\logback-core-1.1.3.jar, C:\Users\cboucher\.ivy2\cache\ch.qos.logback\logback-classic\jars\logback-classic-1.1.3.jar, C:\Users\cboucher\.ivy2\cache\com.typesafe.akka\akka-actor_2.11\jars\akka-actor_2.11-2.3.13.jar, C:\Users\cboucher\.ivy2\cache\com.typesafe.akka\akka-slf4j_2.11\jars\akka-slf4j_2.11-2.3.13.jar, C:\Users\cboucher\.ivy2\cache\commons-codec\commons-codec\jars\commons-codec-1.10.jar, C:\Users\cboucher\.ivy2\cache\xerces\xercesImpl\jars\xercesImpl-2.11.0.jar, C:\Users\cboucher\.ivy2\cache\xml-apis\xml-apis\jars\xml-apis-1.4.01.jar, C:\Users\cboucher\.ivy2\cache\javax.transaction\jta\jars\jta-1.1.jar, C:\Users\cboucher\.ivy2\cache\com.google.inject\guice\jars\guice-4.0.jar, C:\Users\cboucher\.ivy2\cache\javax.inject\javax.inject\jars\javax.inject-1.jar, C:\Users\cboucher\.ivy2\cache\aopalliance\aopalliance\jars\aopalliance-1.0.jar, C:\Users\cboucher\.ivy2\cache\com.google.guava\guava\bundles\guava-16.0.1.jar, C:\Users\cboucher\.ivy2\cache\com.google.inject.extensions\guice-assistedinject\jars\guice-assistedinject-4.0.jar, C:\Users\cboucher\.ivy2\cache\io.netty\netty\bundles\netty-3.10.4.Final.jar, C:\Users\cboucher\.ivy2\cache\com.typesafe.netty\netty-http-pipelining\jars\netty-http-pipelining-1.1.4.jar, C:\Users\cboucher\.ivy2\cache\com.typesafe.play\play-doc_2.11\jars\play-doc_2.11-1.2.2.jar, C:\Users\cboucher\.ivy2\cache\org.pegdown\pegdown\jars\pegdown-1.4.0.jar, C:\Users\cboucher\.ivy2\cache\org.parboiled\parboiled-java\bundles\parboiled-java-1.1.5.jar, C:\Users\cboucher\.ivy2\cache\org.parboiled\parboiled-core\bundles\parboiled-core-1.1.5.jar, C:\Users\cboucher\.ivy2\cache\org.ow2.asm\asm\jars\asm-4.1.jar, C:\Users\cboucher\.ivy2\cache\org.ow2.asm\asm-tree\jars\asm-tree-4.1.jar, C:\Users\cboucher\.ivy2\cache\org.ow2.asm\asm-analysis\jars\asm-analysis-4.1.jar, C:\Users\cboucher\.ivy2\cache\org.ow2.asm\asm-util\jars\asm-util-4.1.jar, C:\Users\cboucher\.ivy2\cache\commons-io\commons-io\jars\commons-io-2.4.jar),Some(C:\Users\cboucher\.ivy2\cache\com.typesafe.play\play-omnidoc_2.11\jars\play-omnidoc_2.11-2.4.3.jar),List(),9000,0.0.0.0,DefaultWatchService,List(C:\Users\cboucher\workspace\CCSApp\public, C:\Users\cboucher\workspace\CCSApp\conf, C:\Users\cboucher\workspace\CCSApp\app-2.11, C:\Users\cboucher\workspace\CCSApp\app),C:\Users\cboucher\workspace\CCSApp\target,500,root/playForkNotifyStart,root/playForkReload,300000,play.core.server.DevServerStart),scala.pickling.PicklerUnpickler$DelegatingPicklerUnpickler@518179b3),ForkConfig(C:\Users\cboucher\workspace\CCSApp,List(),List(C:\Users\cboucher\.ivy2\cache\org.scala-lang\scala-library\jars\scala-library-2.11.7.jar, C:\Users\cboucher\.ivy2\cache\com.typesafe.play\twirl-api_2.11\jars\twirl-api_2.11-1.1.1.jar, C:\Users\cboucher\.ivy2\cache\org.apache.commons\commons-lang3\jars\commons-lang3-3.4.jar, C:\Users\cboucher\.ivy2\cache\org.scala-lang.modules\scala-xml_2.11\bundles\scala-xml_2.11-1.0.1.jar, C:\Users\cboucher\.ivy2\cache\com.typesafe.play\play-server_2.11\jars\play-server_2.11-2.4.3.jar, C:\Users\cboucher\.ivy2\cache\com.typesafe.play\play_2.11\jars\play_2.11-2.4.3.jar, C:\Users\cboucher\.ivy2\cache\com.typesafe.play\build-link\jars\build-link-2.4.3.jar, C:\Users\cboucher\.ivy2\cache\com.typesafe.play\play-exceptions\jars\play-exceptions-2.4.3.jar, C:\Users\cboucher\.ivy2\cache\org.javassist\javassist\bundles\javassist-3.19.0-GA.jar, C:\Users\cboucher\.ivy2\cache\com.typesafe.play\play-iteratees_2.11\jars\play-iteratees_2.11-2.4.3.jar, C:\Users\cboucher\.ivy2\cache\org.scala-stm\scala-stm_2.11\jars\scala-stm_2.11-0.7.jar, C:\Users\cboucher\.ivy2\cache\com.typesafe\config\bundles\config-1.3.0.jar, C:\Users\cboucher\.ivy2\cache\com.typesafe.play\play-json_2.11\jars\play-json_2.11-2.4.3.jar, C:\Users\cboucher\.ivy2\cache\com.typesafe.play\play-functional_2.11\jars\play-functional_2.11-2.4.3.jar, C:\Users\cboucher\.ivy2\cache\com.typesafe.play\play-datacommons_2.11\jars\play-datacommons_2.11-2.4.3.jar, C:\Users\cboucher\.ivy2\cache\joda-time\joda-time\jars\joda-time-2.8.1.jar, C:\Users\cboucher\.ivy2\cache\org.joda\joda-convert\jars\joda-convert-1.7.jar, C:\Users\cboucher\.ivy2\cache\org.scala-lang\scala-reflect\jars\scala-reflect-2.11.6.jar, C:\Users\cboucher\.ivy2\cache\com.fasterxml.jackson.core\jackson-core\bundles\jackson-core-2.5.4.jar, C:\Users\cboucher\.ivy2\cache\com.fasterxml.jackson.core\jackson-annotations\bundles\jackson-annotations-2.5.4.jar, C:\Users\cboucher\.ivy2\cache\com.fasterxml.jackson.core\jackson-databind\bundles\jackson-databind-2.5.4.jar, C:\Users\cboucher\.ivy2\cache\com.fasterxml.jackson.datatype\jackson-datatype-jdk8\bundles\jackson-datatype-jdk8-2.5.4.jar, C:\Users\cboucher\.ivy2\cache\com.fasterxml.jackson.datatype\jackson-datatype-jsr310\bundles\jackson-datatype-jsr310-2.5.4.jar, C:\Users\cboucher\.ivy2\cache\com.typesafe.play\play-netty-utils\jars\play-netty-utils-2.4.3.jar, C:\Users\cboucher\.ivy2\cache\org.slf4j\slf4j-api\jars\slf4j-api-1.7.12.jar, C:\Users\cboucher\.ivy2\cache\org.slf4j\jul-to-slf4j\jars\jul-to-slf4j-1.7.12.jar, C:\Users\cboucher\.ivy2\cache\org.slf4j\jcl-over-slf4j\jars\jcl-over-slf4j-1.7.12.jar, C:\Users\cboucher\.ivy2\cache\org.scala-lang.modules\scala-parser-combinators_2.11\bundles\scala-parser-combinators_2.11-1.0.1.jar, C:\Users\cboucher\.ivy2\cache\ch.qos.logback\logback-core\jars\logback-core-1.1.3.jar, C:\Users\cboucher\.ivy2\cache\ch.qos.logback\logback-classic\jars\logback-classic-1.1.3.jar, C:\Users\cboucher\.ivy2\cache\com.typesafe.akka\akka-actor_2.11\jars\akka-actor_2.11-2.3.13.jar, C:\Users\cboucher\.ivy2\cache\com.typesafe.akka\akka-slf4j_2.11\jars\akka-slf4j_2.11-2.3.13.jar, C:\Users\cboucher\.ivy2\cache\commons-codec\commons-codec\jars\commons-codec-1.10.jar, C:\Users\cboucher\.ivy2\cache\xerces\xercesImpl\jars\xercesImpl-2.11.0.jar, C:\Users\cboucher\.ivy2\cache\xml-apis\xml-apis\jars\xml-apis-1.4.01.jar, C:\Users\cboucher\.ivy2\cache\javax.transaction\jta\jars\jta-1.1.jar, C:\Users\cboucher\.ivy2\cache\com.google.inject\guice\jars\guice-4.0.jar, C:\Users\cboucher\.ivy2\cache\javax.inject\javax.inject\jars\javax.inject-1.jar, C:\Users\cboucher\.ivy2\cache\aopalliance\aopalliance\jars\aopalliance-1.0.jar, C:\Users\cboucher\.ivy2\cache\com.google.inject.extensions\guice-assistedinject\jars\guice-assistedinject-4.0.jar, C:\Users\cboucher\.ivy2\cache\com.typesafe.play\play-netty-server_2.11\jars\play-netty-server_2.11-2.4.3.jar, C:\Users\cboucher\.ivy2\cache\io.netty\netty\bundles\netty-3.10.4.Final.jar, C:\Users\cboucher\.ivy2\cache\com.typesafe.netty\netty-http-pipelining\jars\netty-http-pipelining-1.1.4.jar, C:\Users\cboucher\.ivy2\cache\com.typesafe.play\play-jdbc_2.11\jars\play-jdbc_2.11-2.4.3.jar, C:\Users\cboucher\.ivy2\cache\com.typesafe.play\play-jdbc-api_2.11\jars\play-jdbc-api_2.11-2.4.3.jar, C:\Users\cboucher\.ivy2\cache\com.jolbox\bonecp\bundles\bonecp-0.8.0.RELEASE.jar, C:\Users\cboucher\.ivy2\cache\com.zaxxer\HikariCP\bundles\HikariCP-2.3.7.jar, C:\Users\cboucher\.ivy2\cache\com.h2database\h2\jars\h2-1.4.187.jar, C:\Users\cboucher\.ivy2\cache\tyrex\tyrex\jars\tyrex-1.0.1.jar, C:\Users\cboucher\.ivy2\cache\com.typesafe.play\play-cache_2.11\jars\play-cache_2.11-2.4.3.jar, C:\Users\cboucher\.ivy2\cache\net.sf.ehcache\ehcache-core\jars\ehcache-core-2.6.11.jar, C:\Users\cboucher\.ivy2\cache\com.typesafe.play\play-ws_2.11\jars\play-ws_2.11-2.4.3.jar, C:\Users\cboucher\.ivy2\cache\com.google.guava\guava\bundles\guava-18.0.jar, C:\Users\cboucher\.ivy2\cache\com.ning\async-http-client\jars\async-http-client-1.9.21.jar, C:\Users\cboucher\.ivy2\cache\oauth.signpost\signpost-core\jars\signpost-core-1.2.1.2.jar, C:\Users\cboucher\.ivy2\cache\oauth.signpost\signpost-commonshttp4\jars\signpost-commonshttp4-1.2.1.2.jar, C:\Users\cboucher\.ivy2\cache\org.apache.httpcomponents\httpcore\jars\httpcore-4.0.1.jar, C:\Users\cboucher\.ivy2\cache\org.apache.httpcomponents\httpclient\jars\httpclient-4.0.1.jar, C:\Users\cboucher\.ivy2\cache\commons-logging\commons-logging\jars\commons-logging-1.1.1.jar, C:\Users\cboucher\.ivy2\cache\org.mongodb\casbah-core_2.11\jars\casbah-core_2.11-3.0.0.jar, C:\Users\cboucher\.ivy2\cache\org.mongodb\casbah-commons_2.11\jars\casbah-commons_2.11-3.0.0.jar, C:\Users\cboucher\.ivy2\cache\com.github.nscala-time\nscala-time_2.11\jars\nscala-time_2.11-1.0.0.jar, C:\Users\cboucher\.ivy2\cache\org.mongodb\mongo-java-driver\jars\mongo-java-driver-3.1.0.jar, C:\Users\cboucher\.ivy2\cache\org.mongodb\casbah-query_2.11\jars\casbah-query_2.11-3.0.0.jar, C:\Users\cboucher\.ivy2\cache\org.mongodb\casbah-gridfs_2.11\jars\casbah-gridfs_2.11-3.0.0.jar, C:\Users\cboucher\.ivy2\cache\mysql\mysql-connector-java\jars\mysql-connector-java-5.1.37.jar),List((public/,C:\Users\cboucher\workspace\CCSApp\target\web\public\main)),List(C:\Users\cboucher\.ivy2\cache\com.typesafe.play\play-omnidoc_2.11\jars\play-omnidoc_2.11-2.4.3.jar, C:\Users\cboucher\.ivy2\cache\org.scala-lang\scala-library\jars\scala-library-2.11.6.jar, C:\Users\cboucher\.ivy2\cache\com.typesafe.play\play-docs_2.11\jars\play-docs_2.11-2.4.3.jar, C:\Users\cboucher\.ivy2\cache\com.typesafe.play\play-netty-server_2.11\jars\play-netty-server_2.11-2.4.3.jar, C:\Users\cboucher\.ivy2\cache\com.typesafe.play\play-server_2.11\jars\play-server_2.11-2.4.3.jar, C:\Users\cboucher\.ivy2\cache\com.typesafe.play\play_2.11\jars\play_2.11-2.4.3.jar, C:\Users\cboucher\.ivy2\cache\com.typesafe.play\build-link\jars\build-link-2.4.3.jar, C:\Users\cboucher\.ivy2\cache\com.typesafe.play\play-exceptions\jars\play-exceptions-2.4.3.jar, C:\Users\cboucher\.ivy2\cache\org.javassist\javassist\bundles\javassist-3.19.0-GA.jar, C:\Users\cboucher\.ivy2\cache\com.typesafe.play\play-iteratees_2.11\jars\play-iteratees_2.11-2.4.3.jar, C:\Users\cboucher\.ivy2\cache\org.scala-stm\scala-stm_2.11\jars\scala-stm_2.11-0.7.jar, C:\Users\cboucher\.ivy2\cache\com.typesafe\config\bundles\config-1.3.0.jar, C:\Users\cboucher\.ivy2\cache\com.typesafe.play\play-json_2.11\jars\play-json_2.11-2.4.3.jar, C:\Users\cboucher\.ivy2\cache\com.typesafe.play\play-functional_2.11\jars\play-functional_2.11-2.4.3.jar, C:\Users\cboucher\.ivy2\cache\com.typesafe.play\play-datacommons_2.11\jars\play-datacommons_2.11-2.4.3.jar, C:\Users\cboucher\.ivy2\cache\joda-time\joda-time\jars\joda-time-2.8.1.jar, C:\Users\cboucher\.ivy2\cache\org.joda\joda-convert\jars\joda-convert-1.7.jar, C:\Users\cboucher\.ivy2\cache\org.scala-lang\scala-reflect\jars\scala-reflect-2.11.6.jar, C:\Users\cboucher\.ivy2\cache\com.fasterxml.jackson.core\jackson-core\bundles\jackson-core-2.5.4.jar, C:\Users\cboucher\.ivy2\cache\com.fasterxml.jackson.core\jackson-annotations\bundles\jackson-annotations-2.5.4.jar, C:\Users\cboucher\.ivy2\cache\com.fasterxml.jackson.core\jackson-databind\bundles\jackson-databind-2.5.4.jar, C:\Users\cboucher\.ivy2\cache\com.fasterxml.jackson.datatype\jackson-datatype-jdk8\bundles\jackson-datatype-jdk8-2.5.4.jar, C:\Users\cboucher\.ivy2\cache\com.fasterxml.jackson.datatype\jackson-datatype-jsr310\bundles\jackson-datatype-jsr310-2.5.4.jar, C:\Users\cboucher\.ivy2\cache\com.typesafe.play\play-netty-utils\jars\play-netty-utils-2.4.3.jar, C:\Users\cboucher\.ivy2\cache\org.slf4j\slf4j-api\jars\slf4j-api-1.7.12.jar, C:\Users\cboucher\.ivy2\cache\org.slf4j\jul-to-slf4j\jars\jul-to-slf4j-1.7.12.jar, C:\Users\cboucher\.ivy2\cache\org.slf4j\jcl-over-slf4j\jars\jcl-over-slf4j-1.7.12.jar, C:\Users\cboucher\.ivy2\cache\com.typesafe.play\twirl-api_2.11\jars\twirl-api_2.11-1.1.1.jar, C:\Users\cboucher\.ivy2\cache\org.apache.commons\commons-lang3\jars\commons-lang3-3.4.jar, C:\Users\cboucher\.ivy2\cache\org.scala-lang.modules\scala-xml_2.11\bundles\scala-xml_2.11-1.0.1.jar, C:\Users\cboucher\.ivy2\cache\org.scala-lang.modules\scala-parser-combinators_2.11\bundles\scala-parser-combinators_2.11-1.0.1.jar, C:\Users\cboucher\.ivy2\cache\ch.qos.logback\logback-core\jars\logback-core-1.1.3.jar, C:\Users\cboucher\.ivy2\cache\ch.qos.logback\logback-classic\jars\logback-classic-1.1.3.jar, C:\Users\cboucher\.ivy2\cache\com.typesafe.akka\akka-actor_2.11\jars\akka-actor_2.11-2.3.13.jar, C:\Users\cboucher\.ivy2\cache\com.typesafe.akka\akka-slf4j_2.11\jars\akka-slf4j_2.11-2.3.13.jar, C:\Users\cboucher\.ivy2\cache\commons-codec\commons-codec\jars\commons-codec-1.10.jar, C:\Users\cboucher\.ivy2\cache\xerces\xercesImpl\jars\xercesImpl-2.11.0.jar, C:\Users\cboucher\.ivy2\cache\xml-apis\xml-apis\jars\xml-apis-1.4.01.jar, C:\Users\cboucher\.ivy2\cache\javax.transaction\jta\jars\jta-1.1.jar, C:\Users\cboucher\.ivy2\cache\com.google.inject\guice\jars\guice-4.0.jar, C:\Users\cboucher\.ivy2\cache\javax.inject\javax.inject\jars\javax.inject-1.jar, C:\Users\cboucher\.ivy2\cache\aopalliance\aopalliance\jars\aopalliance-1.0.jar, C:\Users\cboucher\.ivy2\cache\com.google.guava\guava\bundles\guava-16.0.1.jar, C:\Users\cboucher\.ivy2\cache\com.google.inject.extensions\guice-assistedinject\jars\guice-assistedinject-4.0.jar, C:\Users\cboucher\.ivy2\cache\io.netty\netty\bundles\netty-3.10.4.Final.jar, C:\Users\cboucher\.ivy2\cache\com.typesafe.netty\netty-http-pipelining\jars\netty-http-pipelining-1.1.4.jar, C:\Users\cboucher\.ivy2\cache\com.typesafe.play\play-doc_2.11\jars\play-doc_2.11-1.2.2.jar, C:\Users\cboucher\.ivy2\cache\org.pegdown\pegdown\jars\pegdown-1.4.0.jar, C:\Users\cboucher\.ivy2\cache\org.parboiled\parboiled-java\bundles\parboiled-java-1.1.5.jar, C:\Users\cboucher\.ivy2\cache\org.parboiled\parboiled-core\bundles\parboiled-core-1.1.5.jar, C:\Users\cboucher\.ivy2\cache\org.ow2.asm\asm\jars\asm-4.1.jar, C:\Users\cboucher\.ivy2\cache\org.ow2.asm\asm-tree\jars\asm-tree-4.1.jar, C:\Users\cboucher\.ivy2\cache\org.ow2.asm\asm-analysis\jars\asm-analysis-4.1.jar, C:\Users\cboucher\.ivy2\cache\org.ow2.asm\asm-util\jars\asm-util-4.1.jar, C:\Users\cboucher\.ivy2\cache\commons-io\commons-io\jars\commons-io-2.4.jar),Some(C:\Users\cboucher\.ivy2\cache\com.typesafe.play\play-omnidoc_2.11\jars\play-omnidoc_2.11-2.4.3.jar),List(),9000,0.0.0.0,DefaultWatchService,List(C:\Users\cboucher\workspace\CCSApp\public, C:\Users\cboucher\workspace\CCSApp\conf, C:\Users\cboucher\workspace\CCSApp\app-2.11, C:\Users\cboucher\workspace\CCSApp\app),C:\Users\cboucher\workspace\CCSApp\target,500,root/playForkNotifyStart,root/playForkReload,300000,play.core.server.DevServerStart))))
Sending msg to client play-fork-run-2eee0802-a51a-40a1-9f91-3b01f431f0bd: TaskStarted(6,301,None)
Sending msg to client play-fork-run-2eee0802-a51a-40a1-9f91-3b01f431f0bd: TaskFinished(6,301,None,true,None)
Sending msg to client play-fork-run-2eee0802-a51a-40a1-9f91-3b01f431f0bd: TaskStarted(6,300,None)
Sending msg to client play-fork-run-2eee0802-a51a-40a1-9f91-3b01f431f0bd: TaskFinished(6,300,None,true,None)
Sending msg to client play-fork-run-2eee0802-a51a-40a1-9f91-3b01f431f0bd: DetachedLogEvent(LogMessage(debug,cancel strategy finish enabled=false lastCommand=Some(LastCommand(CommandExecutionWork(ExecutionId(6),{file:/C:/Users/cboucher/workspace/CCSApp/}root/*:playForkConfig,Set(LiveClient(play-fork-run 2eee0802-a51a-40a1-9f91-3b01f431f0bd)),sbt.server.WorkCancellationStatus$$anon$1@100f60a0)))))
Sending msg to client play-fork-run-2eee0802-a51a-40a1-9f91-3b01f431f0bd: DetachedLogEvent(LogSuccess(Total time: 1 s, completed 18-Nov-2015 11:54:08))
Sending msg to client play-fork-run-2eee0802-a51a-40a1-9f91-3b01f431f0bd: DetachedLogEvent(LogMessage(debug,> server-post-command-cleanup))
Sending msg to client play-fork-run-2eee0802-a51a-40a1-9f91-3b01f431f0bd: ExecutionSuccess(6)
Sending msg to client play-fork-run-2eee0802-a51a-40a1-9f91-3b01f431f0bd: DetachedLogEvent(LogMessage(debug,> server-handle-next-server-request))
Sending msg to client play-fork-run-2eee0802-a51a-40a1-9f91-3b01f431f0bd: BackgroundJobLogEvent(1,LogMessage(info,))
Sending msg to client play-fork-run-2eee0802-a51a-40a1-9f91-3b01f431f0bd: BackgroundJobLogEvent(1,LogMessage(info,--- (Running the application, auto-reloading is enabled) ---))
Sending msg to client play-fork-run-2eee0802-a51a-40a1-9f91-3b01f431f0bd: BackgroundJobLogEvent(1,LogMessage(info,))
Sending msg to client play-fork-run-2eee0802-a51a-40a1-9f91-3b01f431f0bd: BackgroundJobLogEvent(1,LogMessage(info,p.c.s.NettyServer - Listening for HTTP on /0:0:0:0:0:0:0:0:9000))
Sending msg to client play-fork-run-2eee0802-a51a-40a1-9f91-3b01f431f0bd: BackgroundJobLogEvent(1,LogMessage(info,))
Sending msg to client play-fork-run-2eee0802-a51a-40a1-9f91-3b01f431f0bd: BackgroundJobLogEvent(1,LogMessage(info,(Server started, use Ctrl+D to stop and go back to the console...)))
Sending msg to client play-fork-run-2eee0802-a51a-40a1-9f91-3b01f431f0bd: BackgroundJobLogEvent(1,LogMessage(info,))
Got request: ExecutionRequest(root/playForkNotifyStart http://localhost:9000)
Reading next message from client.
Sending msg to client play-fork-run-2eee0802-a51a-40a1-9f91-3b01f431f0bd: (8,ExecutionRequestReceived(7))
Sending msg to client play-fork-run-2eee0802-a51a-40a1-9f91-3b01f431f0bd: ExecutionWaiting(7,root/playForkNotifyStart http://localhost:9000,ClientInfo(2eee0802-a51a-40a1-9f91-3b01f431f0bd,play-fork-run,Play Fork Run,1,Vector()))
Sending msg to client play-fork-run-2eee0802-a51a-40a1-9f91-3b01f431f0bd: ExecutionStarting(7)
Sending msg to client play-fork-run-2eee0802-a51a-40a1-9f91-3b01f431f0bd: DetachedLogEvent(LogMessage(debug,> root/playForkNotifyStart http://localhost:9000))
Sending msg to client play-fork-run-2eee0802-a51a-40a1-9f91-3b01f431f0bd: DetachedLogEvent(LogMessage(debug,Evaluating tasks: *:playForkNotifyStart))
Sending msg to client play-fork-run-2eee0802-a51a-40a1-9f91-3b01f431f0bd: DetachedLogEvent(LogMessage(debug,Running task... Cancel: sbt.server.ServerTaskCancellation@5f5f32d, check cycles: false))
Sending msg to client play-fork-run-2eee0802-a51a-40a1-9f91-3b01f431f0bd: DetachedLogEvent(LogMessage(debug,cancel strategy start enabled=true lastCommand=Some(LastCommand(CommandExecutionWork(ExecutionId(7),root/playForkNotifyStart http://localhost:9000,Set(LiveClient(play-fork-run 2eee0802-a51a-40a1-9f91-3b01f431f0bd)),sbt.server.WorkCancellationStatus$$anon$1@65df6d7b)))))
Sending msg to client play-fork-run-2eee0802-a51a-40a1-9f91-3b01f431f0bd: TaskStarted(7,378,Some(AttributeKey[sbt.SendEventService]("sendEventService") in Scope(Global)))
Sending msg to client play-fork-run-2eee0802-a51a-40a1-9f91-3b01f431f0bd: TaskFinished(7,378,Some(AttributeKey[sbt.SendEventService]("sendEventService") in Scope(Global)),true,None)
Sending msg to client play-fork-run-2eee0802-a51a-40a1-9f91-3b01f431f0bd: TaskStarted(7,377,Some(AttributeKey[scala.Function1[java.lang.String,void]]("playForkStarted") in Scope(Build: file:/C:/Users/cboucher/workspace/CCSApp/, , Project: ProjectReference(file:/C:/Users/cboucher/workspace/CCSApp/,root))))
Sending msg to client play-fork-run-2eee0802-a51a-40a1-9f91-3b01f431f0bd: TaskFinished(7,377,Some(AttributeKey[scala.Function1[java.lang.String,void]]("playForkStarted") in Scope(Build: file:/C:/Users/cboucher/workspace/CCSApp/, , Project: ProjectReference(file:/C:/Users/cboucher/workspace/CCSApp/,root))),true,None)
Sending msg to client play-fork-run-2eee0802-a51a-40a1-9f91-3b01f431f0bd: TaskStarted(7,376,Some(AttributeKey[void]("playForkNotifyStart") in Scope(Build: file:/C:/Users/cboucher/workspace/CCSApp/, , Project: ProjectReference(file:/C:/Users/cboucher/workspace/CCSApp/,root))))
Sending msg to client play-fork-run-2eee0802-a51a-40a1-9f91-3b01f431f0bd: TaskEvent(376,LazyValue(PlayServerStarted(http://localhost:9000),play.forkrun.protocol.Serializers$PlayForkrunProtocolPlayServerStartedPickler1$2$@5984a7b3))
Sending msg to client play-fork-run-2eee0802-a51a-40a1-9f91-3b01f431f0bd: TaskFinished(7,376,Some(AttributeKey[void]("playForkNotifyStart") in Scope(Build: file:/C:/Users/cboucher/workspace/CCSApp/, , Project: ProjectReference(file:/C:/Users/cboucher/workspace/CCSApp/,root))),true,None)
Sending msg to client play-fork-run-2eee0802-a51a-40a1-9f91-3b01f431f0bd: TaskStarted(7,375,None)
Sending msg to client play-fork-run-2eee0802-a51a-40a1-9f91-3b01f431f0bd: TaskFinished(7,375,None,true,None)
Sending msg to client play-fork-run-2eee0802-a51a-40a1-9f91-3b01f431f0bd: TaskStarted(7,374,None)
Sending msg to client play-fork-run-2eee0802-a51a-40a1-9f91-3b01f431f0bd: TaskFinished(7,374,None,true,None)
Sending msg to client play-fork-run-2eee0802-a51a-40a1-9f91-3b01f431f0bd: DetachedLogEvent(LogMessage(debug,cancel strategy finish enabled=false lastCommand=Some(LastCommand(CommandExecutionWork(ExecutionId(7),root/playForkNotifyStart http://localhost:9000,Set(LiveClient(play-fork-run 2eee0802-a51a-40a1-9f91-3b01f431f0bd)),sbt.server.WorkCancellationStatus$$anon$1@65df6d7b)))))
Sending msg to client play-fork-run-2eee0802-a51a-40a1-9f91-3b01f431f0bd: DetachedLogEvent(LogSuccess(Total time: 0 s, completed 18-Nov-2015 11:54:08))
Sending msg to client play-fork-run-2eee0802-a51a-40a1-9f91-3b01f431f0bd: DetachedLogEvent(LogMessage(debug,> server-post-command-cleanup))
Sending msg to client play-fork-run-2eee0802-a51a-40a1-9f91-3b01f431f0bd: ExecutionSuccess(7)
Sending msg to client play-fork-run-2eee0802-a51a-40a1-9f91-3b01f431f0bd: DetachedLogEvent(LogMessage(debug,> server-handle-next-server-request))
Sending msg to client play-fork-run-2eee0802-a51a-40a1-9f91-3b01f431f0bd: ExecutionWaiting(8,jobStop 1,ClientInfo(748c7043-3fa8-4e80-8837-93ab4f365336,activator,Activator,3,Vector()))
Sending msg to client play-fork-run-2eee0802-a51a-40a1-9f91-3b01f431f0bd: ExecutionStarting(8)
Sending msg to client play-fork-run-2eee0802-a51a-40a1-9f91-3b01f431f0bd: DetachedLogEvent(LogMessage(debug,> jobStop 1))
Sending msg to client play-fork-run-2eee0802-a51a-40a1-9f91-3b01f431f0bd: DetachedLogEvent(LogMessage(debug,Evaluating tasks: *:jobStop))
Sending msg to client play-fork-run-2eee0802-a51a-40a1-9f91-3b01f431f0bd: DetachedLogEvent(LogMessage(debug,Running task... Cancel: sbt.server.ServerTaskCancellation@36ee6095, check cycles: false))
Sending msg to client play-fork-run-2eee0802-a51a-40a1-9f91-3b01f431f0bd: DetachedLogEvent(LogMessage(debug,cancel strategy start enabled=true lastCommand=Some(LastCommand(CommandExecutionWork(ExecutionId(8),jobStop 1,Set(LiveClient(activator 748c7043-3fa8-4e80-8837-93ab4f365336)),sbt.server.WorkCancellationStatus$$anon$1@683f8fe4)))))
Sending msg to client play-fork-run-2eee0802-a51a-40a1-9f91-3b01f431f0bd: TaskStarted(8,381,Some(AttributeKey[void]("jobStop") in Scope(Global)))
Sending msg to client play-fork-run-2eee0802-a51a-40a1-9f91-3b01f431f0bd: BackgroundJobLogEvent(1,LogMessage(info,Stopping Play fork run ...))
Sending msg to client play-fork-run-2eee0802-a51a-40a1-9f91-3b01f431f0bd: TaskFinished(8,381,Some(AttributeKey[void]("jobStop") in Scope(Global)),true,None)
Sending msg to client play-fork-run-2eee0802-a51a-40a1-9f91-3b01f431f0bd: TaskStarted(8,380,None)
Sending msg to client play-fork-run-2eee0802-a51a-40a1-9f91-3b01f431f0bd: TaskFinished(8,380,None,true,None)
Sending msg to client play-fork-run-2eee0802-a51a-40a1-9f91-3b01f431f0bd: TaskStarted(8,379,None)
Sending msg to client play-fork-run-2eee0802-a51a-40a1-9f91-3b01f431f0bd: TaskFinished(8,379,None,true,None)
Sending msg to client play-fork-run-2eee0802-a51a-40a1-9f91-3b01f431f0bd: DetachedLogEvent(LogMessage(debug,cancel strategy finish enabled=false lastCommand=Some(LastCommand(CommandExecutionWork(ExecutionId(8),jobStop 1,Set(LiveClient(activator 748c7043-3fa8-4e80-8837-93ab4f365336)),sbt.server.WorkCancellationStatus$$anon$1@683f8fe4)))))
Sending msg to client play-fork-run-2eee0802-a51a-40a1-9f91-3b01f431f0bd: DetachedLogEvent(LogSuccess(Total time: 0 s, completed 18-Nov-2015 11:54:14))
Sending msg to client play-fork-run-2eee0802-a51a-40a1-9f91-3b01f431f0bd: DetachedLogEvent(LogMessage(debug,> server-post-command-cleanup))
Sending msg to client play-fork-run-2eee0802-a51a-40a1-9f91-3b01f431f0bd: ExecutionSuccess(8)
Sending msg to client play-fork-run-2eee0802-a51a-40a1-9f91-3b01f431f0bd: DetachedLogEvent(LogMessage(debug,> server-handle-next-server-request))
Got request: UnlistenToEvents()
Reading next message from client.
Sending msg to client play-fork-run-2eee0802-a51a-40a1-9f91-3b01f431f0bd: (9,ReceivedResponse())
Got request: UnlistenToValue(AttributeKey[play.forkrun.protocol.ForkConfig]("playForkConfig") in Scope(Build: file:/C:/Users/cboucher/workspace/CCSApp/, , Project: ProjectReference(file:/C:/Users/cboucher/workspace/CCSApp/,root)))
Reading next message from client.
Client play-fork-run-2eee0802-a51a-40a1-9f91-3b01f431f0bd EOF, shutting down.
Stopping client.
Client play-fork-run-2eee0802-a51a-40a1-9f91-3b01f431f0bd thread exiting.
Dropping message (10,ReceivedResponse()) to dead client play-fork-run-2eee0802-a51a-40a1-9f91-3b01f431f0bd
Dropping message (0,ReceivedResponse()) to dead client play-fork-run-2eee0802-a51a-40a1-9f91-3b01f431f0bd
